Build started 2018/1/25 23:27:36.
     1>Project "D:\tsinghua\学习\21_2017秋\高等计算机图形学\光线跟踪大作业\RayTracing\RayTracing\RayTracing.vcxproj" on node 2 (Build target(s)).
     1>ClCompile:
         C:\Program Files (x86)\Microsoft Visual Studio 12.0\VC\bin\CL.exe /c /ID:\tsinghua\code\Graphics_lib\Eigen /Zi /nologo /W3 /WX- /O2 /Oi /Oy- /GL /D WIN32 /D NDEBUG /D _CONSOLE /D _LIB /D _UNICODE /D UNICODE /Gm- /EHsc /MD /GS /Gy /fp:precise /Zc:wchar_t /Zc:forScope /openmp /Fo"Release\\" /Fd"Release\vc120.pdb" /Gd /TP /analyze- /errorReport:prompt main.cpp
         main.cpp
     1>d:\tsinghua\学习\21_2017秋\高等计算机图形学\光线跟踪大作业\raytracing\raytracing\Object.h(541): warning C4018: '<' : signed/unsigned mismatch
     1>d:\tsinghua\学习\21_2017秋\高等计算机图形学\光线跟踪大作业\raytracing\raytracing\Object.h(545): warning C4018: '<' : signed/unsigned mismatch
     1>d:\tsinghua\学习\21_2017秋\高等计算机图形学\光线跟踪大作业\raytracing\raytracing\PhotonMapper.h(364): warning C4244: 'argument' : conversion from 'double' to 'uchar', possible loss of data
     1>d:\tsinghua\学习\21_2017秋\高等计算机图形学\光线跟踪大作业\raytracing\raytracing\PhotonMapper.h(367): warning C4244: 'argument' : conversion from 'double' to 'int', possible loss of data
     1>d:\tsinghua\学习\21_2017秋\高等计算机图形学\光线跟踪大作业\raytracing\raytracing\Camera.h(55): warning C4244: 'initializing' : conversion from 'double' to 'int', possible loss of data
     1>d:\tsinghua\学习\21_2017秋\高等计算机图形学\光线跟踪大作业\raytracing\raytracing\Camera.h(56): warning C4244: 'initializing' : conversion from 'double' to 'int', possible loss of data
     1>d:\tsinghua\学习\21_2017秋\高等计算机图形学\光线跟踪大作业\raytracing\raytracing\Camera.h(69): warning C4244: 'argument' : conversion from 'double' to 'uchar', possible loss of data
     1>d:\tsinghua\学习\21_2017秋\高等计算机图形学\光线跟踪大作业\raytracing\raytracing\Camera.h(85): warning C4244: 'initializing' : conversion from 'double' to 'int', possible loss of data
     1>d:\tsinghua\学习\21_2017秋\高等计算机图形学\光线跟踪大作业\raytracing\raytracing\Camera.h(86): warning C4244: 'initializing' : conversion from 'double' to 'int', possible loss of data
     1>d:\tsinghua\学习\21_2017秋\高等计算机图形学\光线跟踪大作业\raytracing\raytracing\Camera.h(158): warning C4244: 'argument' : conversion from 'double' to 'uchar', possible loss of data
     1>d:\tsinghua\学习\21_2017秋\高等计算机图形学\光线跟踪大作业\raytracing\raytracing\Camera.h(163): warning C4244: 'argument' : conversion from 'double' to 'uchar', possible loss of data
     1>d:\tsinghua\学习\21_2017秋\高等计算机图形学\光线跟踪大作业\raytracing\raytracing\Camera.h(174): warning C4244: 'initializing' : conversion from 'double' to 'int', possible loss of data
     1>d:\tsinghua\学习\21_2017秋\高等计算机图形学\光线跟踪大作业\raytracing\raytracing\Camera.h(175): warning C4244: 'initializing' : conversion from 'double' to 'int', possible loss of data
     1>d:\tsinghua\学习\21_2017秋\高等计算机图形学\光线跟踪大作业\raytracing\raytracing\Camera.h(193): warning C4244: 'argument' : conversion from 'double' to 'uchar', possible loss of data
     1>d:\tsinghua\学习\21_2017秋\高等计算机图形学\光线跟踪大作业\raytracing\raytracing\Camera.h(203): warning C4244: 'initializing' : conversion from 'double' to 'int', possible loss of data
     1>d:\tsinghua\学习\21_2017秋\高等计算机图形学\光线跟踪大作业\raytracing\raytracing\Camera.h(204): warning C4244: 'initializing' : conversion from 'double' to 'int', possible loss of data
     1>d:\tsinghua\学习\21_2017秋\高等计算机图形学\光线跟踪大作业\raytracing\raytracing\Camera.h(274): warning C4244: 'argument' : conversion from 'double' to 'uchar', possible loss of data
     1>d:\tsinghua\学习\21_2017秋\高等计算机图形学\光线跟踪大作业\raytracing\raytracing\Camera.h(293): warning C4244: 'initializing' : conversion from 'double' to 'int', possible loss of data
     1>d:\tsinghua\学习\21_2017秋\高等计算机图形学\光线跟踪大作业\raytracing\raytracing\Camera.h(294): warning C4244: 'initializing' : conversion from 'double' to 'int', possible loss of data
     1>d:\tsinghua\学习\21_2017秋\高等计算机图形学\光线跟踪大作业\raytracing\raytracing\Camera.h(306): warning C4244: 'argument' : conversion from 'double' to 'uchar', possible loss of data
     1>d:\tsinghua\学习\21_2017秋\高等计算机图形学\光线跟踪大作业\raytracing\raytracing\Camera.h(317): warning C4244: 'initializing' : conversion from 'double' to 'int', possible loss of data
     1>d:\tsinghua\学习\21_2017秋\高等计算机图形学\光线跟踪大作业\raytracing\raytracing\Camera.h(318): warning C4244: 'initializing' : conversion from 'double' to 'int', possible loss of data
     1>d:\tsinghua\学习\21_2017秋\高等计算机图形学\光线跟踪大作业\raytracing\raytracing\Camera.h(390): warning C4244: 'argument' : conversion from 'double' to 'uchar', possible loss of data
     1>d:\tsinghua\学习\21_2017秋\高等计算机图形学\光线跟踪大作业\raytracing\raytracing\Camera.h(395): warning C4244: 'argument' : conversion from 'double' to 'uchar', possible loss of data
     1>d:\tsinghua\学习\21_2017秋\高等计算机图形学\光线跟踪大作业\raytracing\raytracing\Camera.h(427): warning C4244: 'initializing' : conversion from 'double' to 'int', possible loss of data
     1>d:\tsinghua\学习\21_2017秋\高等计算机图形学\光线跟踪大作业\raytracing\raytracing\Camera.h(428): warning C4244: 'initializing' : conversion from 'double' to 'int', possible loss of data
     1>d:\tsinghua\学习\21_2017秋\高等计算机图形学\光线跟踪大作业\raytracing\raytracing\Camera.h(442): warning C4244: 'argument' : conversion from 'double' to 'uchar', possible loss of data
     1>d:\tsinghua\学习\21_2017秋\高等计算机图形学\光线跟踪大作业\raytracing\raytracing\Camera.h(452): warning C4244: 'initializing' : conversion from 'double' to 'int', possible loss of data
     1>d:\tsinghua\学习\21_2017秋\高等计算机图形学\光线跟踪大作业\raytracing\raytracing\Camera.h(453): warning C4244: 'initializing' : conversion from 'double' to 'int', possible loss of data
     1>d:\tsinghua\学习\21_2017秋\高等计算机图形学\光线跟踪大作业\raytracing\raytracing\Camera.h(526): warning C4244: 'argument' : conversion from 'double' to 'uchar', possible loss of data
     1>d:\tsinghua\学习\21_2017秋\高等计算机图形学\光线跟踪大作业\raytracing\raytracing\Camera.h(531): warning C4244: 'argument' : conversion from 'double' to 'uchar', possible loss of data
       Link:
         C:\Program Files (x86)\Microsoft Visual Studio 12.0\VC\bin\link.exe /ERRORREPORT:PROMPT /OUT:"D:\tsinghua\学习\21_2017秋\高等计算机图形学\光线跟踪大作业\RayTracing\Release\RayTracing.exe" /INCREMENTAL:NO /NOLOGO opencv_calib3d249.lib opencv_contrib249.lib opencv_core249.lib opencv_features2d249.lib opencv_flann249.lib opencv_gpu249.lib opencv_highgui249.lib opencv_imgproc249.lib opencv_legacy249.lib opencv_ml249.lib opencv_nonfree249.lib opencv_objdetect249.lib opencv_photo249.lib opencv_stitching249.lib opencv_ts249.lib opencv_video249.lib opencv_videostab249.lib kernel32.lib user32.lib gdi32.lib winspool.lib comdlg32.lib advapi32.lib shell32.lib ole32.lib oleaut32.lib uuid.lib odbc32.lib odbccp32.lib /MANIFEST /MANIFESTUAC:"level='asInvoker' uiAccess='false'" /manifest:embed /DEBUG /PDB:"D:\tsinghua\学习\21_2017秋\高等计算机图形学\光线跟踪大作业\RayTracing\Release\RayTracing.pdb" /SUBSYSTEM:CONSOLE /OPT:REF /OPT:ICF /LTCG /TLBID:1 /DYNAMICBASE /NXCOMPAT /IMPLIB:"D:\tsinghua\学习\21_2017秋\高等计算机图形学\光线跟踪大作业\RayTracing\Release\RayTracing.lib" /MACHINE:X86 /SAFESEH Release\main.obj
         Generating code
         Finished generating code
         RayTracing.vcxproj -> D:\tsinghua\学习\21_2017秋\高等计算机图形学\光线跟踪大作业\RayTracing\Release\RayTracing.exe
     1>Done Building Project "D:\tsinghua\学习\21_2017秋\高等计算机图形学\光线跟踪大作业\RayTracing\RayTracing\RayTracing.vcxproj" (Build target(s)).

Build succeeded.

Time Elapsed 00:00:03.96
